Line 36: Class MSAdodcLib.Adodc of control AdodcLogin was not a loaded control class.
Line 42: The property name _ExtentX in AdodcLogin is invalid.
Line 43: The property name _ExtentY in AdodcLogin is invalid.
Line 44: The property name ConnectMode in AdodcLogin is invalid.
Line 45: The property name CursorLocation in AdodcLogin is invalid.
Line 46: The property name IsolationLevel in AdodcLogin is invalid.
Line 47: The property name ConnectionTimeout in AdodcLogin is invalid.
Line 48: The property name CommandTimeout in AdodcLogin is invalid.
Line 49: The property name CursorType in AdodcLogin is invalid.
Line 50: The property name LockType in AdodcLogin is invalid.
Line 51: The property name CommandType in AdodcLogin is invalid.
Line 52: The property name CursorOptions in AdodcLogin is invalid.
Line 53: The property name CacheSize in AdodcLogin is invalid.
Line 54: The property name MaxRecords in AdodcLogin is invalid.
Line 55: The property name BOFAction in AdodcLogin is invalid.
Line 56: The property name EOFAction in AdodcLogin is invalid.
Line 57: The property name ConnectStringType in AdodcLogin is invalid.
Line 61: The property name Orientation in AdodcLogin is invalid.
Line 63: The property name Connect in AdodcLogin is invalid.
Line 64: The property name OLEDBString in AdodcLogin is invalid.
Line 65: The property name OLEDBFile in AdodcLogin is invalid.
Line 66: The property name DataSourceName in AdodcLogin is invalid.
Line 67: The property name OtherAttributes in AdodcLogin is invalid.
Line 68: The property name UserName in AdodcLogin is invalid.
Line 69: The property name Password in AdodcLogin is invalid.
Line 70: The property name RecordSource in AdodcLogin is invalid.
Line 71: The property name Caption in AdodcLogin is invalid.
Line 81: The property name _Version in AdodcLogin is invalid.
